2025-02-25 12:51:58,590 - WARNING - No frame captured from webcam.
2025-02-25 12:51:58,595 - INFO - Tracking session ended.
2025-02-25 12:52:35,608 - INFO - Saved data to CSV: {'ID': 'a1a59f90', 'Timestamp': '2025-02-25 12:52:35', 'File': 'captured_faces\\a1a59f90.jpg', 'Age Category': 'Remaja', 'Confidence': np.float32(0.99930274)}
2025-02-25 12:52:35,702 - INFO - Saved data to CSV: {'ID': '968b5f81', 'Timestamp': '2025-02-25 12:52:35', 'File': 'captured_faces\\968b5f81.jpg', 'Age Category': 'Remaja', 'Confidence': np.float32(0.99660623)}
2025-02-25 12:52:35,752 - INFO - Saved data to CSV: {'ID': '02024615', 'Timestamp': '2025-02-25 12:52:35', 'File': 'captured_faces\\02024615.jpg', 'Age Category': 'Remaja', 'Confidence': np.float32(0.99660623)}
2025-02-25 12:52:35,941 - INFO - Saved data to CSV: {'ID': '3d9c4654', 'Timestamp': '2025-02-25 12:52:35', 'File': 'captured_faces\\3d9c4654.jpg', 'Age Category': 'Dewasa', 'Confidence': np.float32(0.99862623)}
2025-02-25 12:52:36,002 - INFO - Saved data to CSV: {'ID': '90864a28', 'Timestamp': '2025-02-25 12:52:36', 'File': 'captured_faces\\90864a28.jpg', 'Age Category': 'Dewasa', 'Confidence': np.float32(0.9995307)}
2025-02-25 12:52:36,046 - INFO - Saved data to CSV: {'ID': 'b7687245', 'Timestamp': '2025-02-25 12:52:36', 'File': 'captured_faces\\b7687245.jpg', 'Age Category': 'Dewasa', 'Confidence': np.float32(0.9999441)}
2025-02-25 12:52:36,107 - INFO - Saved data to CSV: {'ID': 'd4a51fc1', 'Timestamp': '2025-02-25 12:52:36', 'File': 'captured_faces\\d4a51fc1.jpg', 'Age Category': 'Dewasa', 'Confidence': np.float32(0.9999579)}
2025-02-25 12:52:36,160 - INFO - Saved data to CSV: {'ID': 'a4c30d05', 'Timestamp': '2025-02-25 12:52:36', 'File': 'captured_faces\\a4c30d05.jpg', 'Age Category': 'Dewasa', 'Confidence': np.float32(0.999956)}
2025-02-25 12:52:36,211 - INFO - Saved data to CSV: {'ID': '11b5547c', 'Timestamp': '2025-02-25 12:52:36', 'File': 'captured_faces\\11b5547c.jpg', 'Age Category': 'Dewasa', 'Confidence': np.float32(0.9999696)}
2025-02-25 12:52:36,246 - INFO - Saved data to CSV: {'ID': '8bf82545', 'Timestamp': '2025-02-25 12:52:36', 'File': 'captured_faces\\8bf82545.jpg', 'Age Category': 'Dewasa', 'Confidence': np.float32(0.999899)}
2025-02-25 12:52:36,278 - INFO - Saved data to CSV: {'ID': '02172e97', 'Timestamp': '2025-02-25 12:52:36', 'File': 'captured_faces\\02172e97.jpg', 'Age Category': 'Dewasa', 'Confidence': np.float32(0.9997727)}
2025-02-25 12:52:36,333 - INFO - Saved data to CSV: {'ID': 'd54135c9', 'Timestamp': '2025-02-25 12:52:36', 'File': 'captured_faces\\d54135c9.jpg', 'Age Category': 'Dewasa', 'Confidence': np.float32(0.9997727)}
2025-02-25 12:52:36,382 - INFO - Saved data to CSV: {'ID': 'b04dff14', 'Timestamp': '2025-02-25 12:52:36', 'File': 'captured_faces\\b04dff14.jpg', 'Age Category': 'Dewasa', 'Confidence': np.float32(0.9995333)}
2025-02-25 12:52:36,447 - INFO - Saved data to CSV: {'ID': 'f798ca70', 'Timestamp': '2025-02-25 12:52:36', 'File': 'captured_faces\\f798ca70.jpg', 'Age Category': 'Dewasa', 'Confidence': np.float32(0.99892265)}
2025-02-25 12:52:36,491 - INFO - Saved data to CSV: {'ID': '7619f5e7', 'Timestamp': '2025-02-25 12:52:36', 'File': 'captured_faces\\7619f5e7.jpg', 'Age Category': 'Dewasa', 'Confidence': np.float32(0.99822575)}
2025-02-25 12:52:36,543 - INFO - Saved data to CSV: {'ID': '5a16b726', 'Timestamp': '2025-02-25 12:52:36', 'File': 'captured_faces\\5a16b726.jpg', 'Age Category': 'Dewasa', 'Confidence': np.float32(0.9990239)}
2025-02-25 12:52:36,614 - INFO - Saved data to CSV: {'ID': 'ed651e0a', 'Timestamp': '2025-02-25 12:52:36', 'File': 'captured_faces\\ed651e0a.jpg', 'Age Category': 'Dewasa', 'Confidence': np.float32(0.99917656)}
2025-02-25 12:52:36,663 - INFO - Saved data to CSV: {'ID': '144ba042', 'Timestamp': '2025-02-25 12:52:36', 'File': 'captured_faces\\144ba042.jpg', 'Age Category': 'Dewasa', 'Confidence': np.float32(0.99917656)}
2025-02-25 12:52:36,707 - INFO - Saved data to CSV: {'ID': 'eb76c3ac', 'Timestamp': '2025-02-25 12:52:36', 'File': 'captured_faces\\eb76c3ac.jpg', 'Age Category': 'Dewasa', 'Confidence': np.float32(0.99935514)}
2025-02-25 12:52:36,741 - INFO - Saved data to CSV: {'ID': '3cae09a9', 'Timestamp': '2025-02-25 12:52:36', 'File': 'captured_faces\\3cae09a9.jpg', 'Age Category': 'Dewasa', 'Confidence': np.float32(0.99944264)}
2025-02-25 12:52:36,786 - INFO - Saved data to CSV: {'ID': '26df6ebb', 'Timestamp': '2025-02-25 12:52:36', 'File': 'captured_faces\\26df6ebb.jpg', 'Age Category': 'Dewasa', 'Confidence': np.float32(0.9997087)}
2025-02-25 12:52:36,832 - INFO - Saved data to CSV: {'ID': '87c7b0f0', 'Timestamp': '2025-02-25 12:52:36', 'File': 'captured_faces\\87c7b0f0.jpg', 'Age Category': 'Dewasa', 'Confidence': np.float32(0.9997702)}
2025-02-25 12:52:36,895 - INFO - Saved data to CSV: {'ID': '7f5441d5', 'Timestamp': '2025-02-25 12:52:36', 'File': 'captured_faces\\7f5441d5.jpg', 'Age Category': 'Dewasa', 'Confidence': np.float32(0.99971944)}
2025-02-25 12:52:36,935 - INFO - Saved data to CSV: {'ID': 'd05bf2f3', 'Timestamp': '2025-02-25 12:52:36', 'File': 'captured_faces\\d05bf2f3.jpg', 'Age Category': 'Dewasa', 'Confidence': np.float32(0.99971944)}
2025-02-25 12:52:36,976 - INFO - Saved data to CSV: {'ID': '8aeeb73b', 'Timestamp': '2025-02-25 12:52:36', 'File': 'captured_faces\\8aeeb73b.jpg', 'Age Category': 'Dewasa', 'Confidence': np.float32(0.9996972)}
2025-02-25 12:52:37,014 - INFO - Saved data to CSV: {'ID': '8fc43a7f', 'Timestamp': '2025-02-25 12:52:37', 'File': 'captured_faces\\8fc43a7f.jpg', 'Age Category': 'Dewasa', 'Confidence': np.float32(0.9996972)}
2025-02-25 12:52:37,055 - INFO - Saved data to CSV: {'ID': 'a283e967', 'Timestamp': '2025-02-25 12:52:37', 'File': 'captured_faces\\a283e967.jpg', 'Age Category': 'Dewasa', 'Confidence': np.float32(0.99965703)}
2025-02-25 12:52:37,095 - INFO - Saved data to CSV: {'ID': '6fdbab70', 'Timestamp': '2025-02-25 12:52:37', 'File': 'captured_faces\\6fdbab70.jpg', 'Age Category': 'Dewasa', 'Confidence': np.float32(0.999605)}
2025-02-25 12:52:37,134 - INFO - Saved data to CSV: {'ID': '10c85d4d', 'Timestamp': '2025-02-25 12:52:37', 'File': 'captured_faces\\10c85d4d.jpg', 'Age Category': 'Dewasa', 'Confidence': np.float32(0.9996569)}
2025-02-25 12:52:37,175 - INFO - Saved data to CSV: {'ID': 'db1d56b7', 'Timestamp': '2025-02-25 12:52:37', 'File': 'captured_faces\\db1d56b7.jpg', 'Age Category': 'Dewasa', 'Confidence': np.float32(0.9996569)}
2025-02-25 12:52:37,214 - INFO - Saved data to CSV: {'ID': '2bfc02a8', 'Timestamp': '2025-02-25 12:52:37', 'File': 'captured_faces\\2bfc02a8.jpg', 'Age Category': 'Dewasa', 'Confidence': np.float32(0.99955577)}
2025-02-25 12:52:37,253 - INFO - Saved data to CSV: {'ID': '5f036a4c', 'Timestamp': '2025-02-25 12:52:37', 'File': 'captured_faces\\5f036a4c.jpg', 'Age Category': 'Dewasa', 'Confidence': np.float32(0.9995442)}
2025-02-25 12:52:37,297 - INFO - Saved data to CSV: {'ID': 'ef6ee9f7', 'Timestamp': '2025-02-25 12:52:37', 'File': 'captured_faces\\ef6ee9f7.jpg', 'Age Category': 'Dewasa', 'Confidence': np.float32(0.9996007)}
2025-02-25 12:52:37,345 - INFO - Saved data to CSV: {'ID': 'b7eaae9c', 'Timestamp': '2025-02-25 12:52:37', 'File': 'captured_faces\\b7eaae9c.jpg', 'Age Category': 'Dewasa', 'Confidence': np.float32(0.9996531)}
2025-02-25 12:52:37,384 - INFO - Saved data to CSV: {'ID': '10919bf9', 'Timestamp': '2025-02-25 12:52:37', 'File': 'captured_faces\\10919bf9.jpg', 'Age Category': 'Dewasa', 'Confidence': np.float32(0.9996531)}
2025-02-25 12:52:37,421 - INFO - Saved data to CSV: {'ID': 'cdda8025', 'Timestamp': '2025-02-25 12:52:37', 'File': 'captured_faces\\cdda8025.jpg', 'Age Category': 'Dewasa', 'Confidence': np.float32(0.99963987)}
2025-02-25 12:52:37,461 - INFO - Saved data to CSV: {'ID': '1678e8c1', 'Timestamp': '2025-02-25 12:52:37', 'File': 'captured_faces\\1678e8c1.jpg', 'Age Category': 'Dewasa', 'Confidence': np.float32(0.99964714)}
2025-02-25 12:52:37,505 - INFO - Saved data to CSV: {'ID': 'f3221140', 'Timestamp': '2025-02-25 12:52:37', 'File': 'captured_faces\\f3221140.jpg', 'Age Category': 'Dewasa', 'Confidence': np.float32(0.9996326)}
2025-02-25 12:52:37,541 - INFO - Saved data to CSV: {'ID': '59db1b78', 'Timestamp': '2025-02-25 12:52:37', 'File': 'captured_faces\\59db1b78.jpg', 'Age Category': 'Dewasa', 'Confidence': np.float32(0.9996326)}
2025-02-25 12:52:37,583 - INFO - Saved data to CSV: {'ID': '67b0e888', 'Timestamp': '2025-02-25 12:52:37', 'File': 'captured_faces\\67b0e888.jpg', 'Age Category': 'Dewasa', 'Confidence': np.float32(0.9996668)}
2025-02-25 12:52:37,622 - INFO - Saved data to CSV: {'ID': '22940d9b', 'Timestamp': '2025-02-25 12:52:37', 'File': 'captured_faces\\22940d9b.jpg', 'Age Category': 'Dewasa', 'Confidence': np.float32(0.9997278)}
2025-02-25 12:52:37,662 - INFO - Saved data to CSV: {'ID': 'fa70aa04', 'Timestamp': '2025-02-25 12:52:37', 'File': 'captured_faces\\fa70aa04.jpg', 'Age Category': 'Dewasa', 'Confidence': np.float32(0.9997278)}
2025-02-25 12:52:37,701 - INFO - Saved data to CSV: {'ID': 'ff40b0b2', 'Timestamp': '2025-02-25 12:52:37', 'File': 'captured_faces\\ff40b0b2.jpg', 'Age Category': 'Dewasa', 'Confidence': np.float32(0.9997178)}
2025-02-25 12:52:37,743 - INFO - Saved data to CSV: {'ID': '20535772', 'Timestamp': '2025-02-25 12:52:37', 'File': 'captured_faces\\20535772.jpg', 'Age Category': 'Dewasa', 'Confidence': np.float32(0.9997178)}
2025-02-25 12:52:37,775 - INFO - Saved data to CSV: {'ID': 'a2ff3e13', 'Timestamp': '2025-02-25 12:52:37', 'File': 'captured_faces\\a2ff3e13.jpg', 'Age Category': 'Dewasa', 'Confidence': np.float32(0.9997645)}
2025-02-25 12:52:37,820 - INFO - Saved data to CSV: {'ID': 'e23688a8', 'Timestamp': '2025-02-25 12:52:37', 'File': 'captured_faces\\e23688a8.jpg', 'Age Category': 'Dewasa', 'Confidence': np.float32(0.9998022)}
2025-02-25 12:52:37,862 - INFO - Saved data to CSV: {'ID': '6209d41a', 'Timestamp': '2025-02-25 12:52:37', 'File': 'captured_faces\\6209d41a.jpg', 'Age Category': 'Dewasa', 'Confidence': np.float32(0.9998022)}
2025-02-25 12:52:37,902 - INFO - Saved data to CSV: {'ID': '3bfca128', 'Timestamp': '2025-02-25 12:52:37', 'File': 'captured_faces\\3bfca128.jpg', 'Age Category': 'Dewasa', 'Confidence': np.float32(0.99979466)}
2025-02-25 12:52:37,947 - INFO - Saved data to CSV: {'ID': '3c1bc93d', 'Timestamp': '2025-02-25 12:52:37', 'File': 'captured_faces\\3c1bc93d.jpg', 'Age Category': 'Dewasa', 'Confidence': np.float32(0.9998242)}
2025-02-25 12:52:37,988 - INFO - Saved data to CSV: {'ID': 'a0931067', 'Timestamp': '2025-02-25 12:52:37', 'File': 'captured_faces\\a0931067.jpg', 'Age Category': 'Dewasa', 'Confidence': np.float32(0.99984825)}
2025-02-25 12:52:38,030 - INFO - Saved data to CSV: {'ID': '1ee59e17', 'Timestamp': '2025-02-25 12:52:38', 'File': 'captured_faces\\1ee59e17.jpg', 'Age Category': 'Dewasa', 'Confidence': np.float32(0.9998734)}
2025-02-25 12:52:38,074 - INFO - Saved data to CSV: {'ID': '13e8387f', 'Timestamp': '2025-02-25 12:52:38', 'File': 'captured_faces\\13e8387f.jpg', 'Age Category': 'Dewasa', 'Confidence': np.float32(0.99983597)}
2025-02-25 12:52:38,114 - INFO - Saved data to CSV: {'ID': 'bb69118c', 'Timestamp': '2025-02-25 12:52:38', 'File': 'captured_faces\\bb69118c.jpg', 'Age Category': 'Dewasa', 'Confidence': np.float32(0.99983597)}
2025-02-25 12:52:38,156 - INFO - Saved data to CSV: {'ID': '2594f290', 'Timestamp': '2025-02-25 12:52:38', 'File': 'captured_faces\\2594f290.jpg', 'Age Category': 'Dewasa', 'Confidence': np.float32(0.9998623)}
2025-02-25 12:52:38,215 - INFO - Saved data to CSV: {'ID': 'c1a837a8', 'Timestamp': '2025-02-25 12:52:38', 'File': 'captured_faces\\c1a837a8.jpg', 'Age Category': 'Dewasa', 'Confidence': np.float32(0.999874)}
2025-02-25 12:52:38,254 - INFO - Saved data to CSV: {'ID': '73c353c3', 'Timestamp': '2025-02-25 12:52:38', 'File': 'captured_faces\\73c353c3.jpg', 'Age Category': 'Dewasa', 'Confidence': np.float32(0.999874)}
2025-02-25 12:52:38,289 - INFO - Saved data to CSV: {'ID': '5795fdb0', 'Timestamp': '2025-02-25 12:52:38', 'File': 'captured_faces\\5795fdb0.jpg', 'Age Category': 'Dewasa', 'Confidence': np.float32(0.9998616)}
2025-02-25 12:52:38,342 - INFO - Saved data to CSV: {'ID': '2b0b1bd7', 'Timestamp': '2025-02-25 12:52:38', 'File': 'captured_faces\\2b0b1bd7.jpg', 'Age Category': 'Dewasa', 'Confidence': np.float32(0.9998616)}
2025-02-25 12:52:38,379 - INFO - Saved data to CSV: {'ID': 'e592d74f', 'Timestamp': '2025-02-25 12:52:38', 'File': 'captured_faces\\e592d74f.jpg', 'Age Category': 'Dewasa', 'Confidence': np.float32(0.9998516)}
2025-02-25 12:52:38,421 - INFO - Saved data to CSV: {'ID': '47f828de', 'Timestamp': '2025-02-25 12:52:38', 'File': 'captured_faces\\47f828de.jpg', 'Age Category': 'Dewasa', 'Confidence': np.float32(0.999869)}
2025-02-25 12:52:38,470 - INFO - Saved data to CSV: {'ID': 'ed26cdf3', 'Timestamp': '2025-02-25 12:52:38', 'File': 'captured_faces\\ed26cdf3.jpg', 'Age Category': 'Dewasa', 'Confidence': np.float32(0.999851)}
2025-02-25 12:52:38,523 - INFO - Saved data to CSV: {'ID': '7ae23b39', 'Timestamp': '2025-02-25 12:52:38', 'File': 'captured_faces\\7ae23b39.jpg', 'Age Category': 'Dewasa', 'Confidence': np.float32(0.999851)}
2025-02-25 12:52:38,562 - INFO - Saved data to CSV: {'ID': 'd3bcd747', 'Timestamp': '2025-02-25 12:52:38', 'File': 'captured_faces\\d3bcd747.jpg', 'Age Category': 'Dewasa', 'Confidence': np.float32(0.99986553)}
2025-02-25 12:52:38,609 - INFO - Saved data to CSV: {'ID': '6c1e5817', 'Timestamp': '2025-02-25 12:52:38', 'File': 'captured_faces\\6c1e5817.jpg', 'Age Category': 'Dewasa', 'Confidence': np.float32(0.99986815)}
2025-02-25 12:52:38,656 - INFO - Saved data to CSV: {'ID': '5b99fe8e', 'Timestamp': '2025-02-25 12:52:38', 'File': 'captured_faces\\5b99fe8e.jpg', 'Age Category': 'Dewasa', 'Confidence': np.float32(0.99986815)}
2025-02-25 12:52:38,689 - INFO - Saved data to CSV: {'ID': '97a484af', 'Timestamp': '2025-02-25 12:52:38', 'File': 'captured_faces\\97a484af.jpg', 'Age Category': 'Dewasa', 'Confidence': np.float32(0.9998796)}
2025-02-25 12:52:38,732 - INFO - Saved data to CSV: {'ID': 'a032da03', 'Timestamp': '2025-02-25 12:52:38', 'File': 'captured_faces\\a032da03.jpg', 'Age Category': 'Dewasa', 'Confidence': np.float32(0.9998796)}
2025-02-25 12:52:38,769 - INFO - Saved data to CSV: {'ID': '5bc8eb6d', 'Timestamp': '2025-02-25 12:52:38', 'File': 'captured_faces\\5bc8eb6d.jpg', 'Age Category': 'Dewasa', 'Confidence': np.float32(0.9998845)}
2025-02-25 12:52:38,825 - INFO - Saved data to CSV: {'ID': '146a685d', 'Timestamp': '2025-02-25 12:52:38', 'File': 'captured_faces\\146a685d.jpg', 'Age Category': 'Dewasa', 'Confidence': np.float32(0.9998821)}
2025-02-25 12:52:38,888 - INFO - Saved data to CSV: {'ID': 'aeb7531f', 'Timestamp': '2025-02-25 12:52:38', 'File': 'captured_faces\\aeb7531f.jpg', 'Age Category': 'Dewasa', 'Confidence': np.float32(0.9998802)}
2025-02-25 12:52:38,935 - INFO - Saved data to CSV: {'ID': 'd0ea7a7e', 'Timestamp': '2025-02-25 12:52:38', 'File': 'captured_faces\\d0ea7a7e.jpg', 'Age Category': 'Dewasa', 'Confidence': np.float32(0.9998802)}
2025-02-25 12:52:38,999 - INFO - Saved data to CSV: {'ID': 'bf7a9409', 'Timestamp': '2025-02-25 12:52:38', 'File': 'captured_faces\\bf7a9409.jpg', 'Age Category': 'Dewasa', 'Confidence': np.float32(0.9998331)}
2025-02-25 12:52:39,048 - INFO - Saved data to CSV: {'ID': 'f3bd9c33', 'Timestamp': '2025-02-25 12:52:39', 'File': 'captured_faces\\f3bd9c33.jpg', 'Age Category': 'Dewasa', 'Confidence': np.float32(0.99978656)}
2025-02-25 12:52:39,099 - INFO - Saved data to CSV: {'ID': 'c5e58703', 'Timestamp': '2025-02-25 12:52:39', 'File': 'captured_faces\\c5e58703.jpg', 'Age Category': 'Dewasa', 'Confidence': np.float32(0.9997979)}
2025-02-25 12:52:39,155 - INFO - Saved data to CSV: {'ID': '6bee1dc5', 'Timestamp': '2025-02-25 12:52:39', 'File': 'captured_faces\\6bee1dc5.jpg', 'Age Category': 'Dewasa', 'Confidence': np.float32(0.99978834)}
2025-02-25 12:52:39,194 - INFO - Saved data to CSV: {'ID': 'dc5fbdfc', 'Timestamp': '2025-02-25 12:52:39', 'File': 'captured_faces\\dc5fbdfc.jpg', 'Age Category': 'Dewasa', 'Confidence': np.float32(0.99978954)}
2025-02-25 12:52:39,238 - INFO - Saved data to CSV: {'ID': '3b0b13ba', 'Timestamp': '2025-02-25 12:52:39', 'File': 'captured_faces\\3b0b13ba.jpg', 'Age Category': 'Dewasa', 'Confidence': np.float32(0.99978954)}
2025-02-25 12:52:39,285 - INFO - Saved data to CSV: {'ID': 'bb08e33b', 'Timestamp': '2025-02-25 12:52:39', 'File': 'captured_faces\\bb08e33b.jpg', 'Age Category': 'Dewasa', 'Confidence': np.float32(0.9997906)}
2025-02-25 12:52:39,337 - INFO - Saved data to CSV: {'ID': '9283adb5', 'Timestamp': '2025-02-25 12:52:39', 'File': 'captured_faces\\9283adb5.jpg', 'Age Category': 'Dewasa', 'Confidence': np.float32(0.9994413)}
2025-02-25 12:52:39,389 - INFO - Saved data to CSV: {'ID': '70f8c492', 'Timestamp': '2025-02-25 12:52:39', 'File': 'captured_faces\\70f8c492.jpg', 'Age Category': 'Dewasa', 'Confidence': np.float32(0.9981604)}
2025-02-25 12:52:39,443 - INFO - Saved data to CSV: {'ID': 'ca95d899', 'Timestamp': '2025-02-25 12:52:39', 'File': 'captured_faces\\ca95d899.jpg', 'Age Category': 'Dewasa', 'Confidence': np.float32(0.99756444)}
2025-02-25 12:52:39,487 - INFO - Saved data to CSV: {'ID': '987347fc', 'Timestamp': '2025-02-25 12:52:39', 'File': 'captured_faces\\987347fc.jpg', 'Age Category': 'Dewasa', 'Confidence': np.float32(0.99756444)}
2025-02-25 12:52:39,535 - INFO - Saved data to CSV: {'ID': 'c524b870', 'Timestamp': '2025-02-25 12:52:39', 'File': 'captured_faces\\c524b870.jpg', 'Age Category': 'Dewasa', 'Confidence': np.float32(0.9989831)}
2025-02-25 12:52:39,603 - INFO - Saved data to CSV: {'ID': '67d5843e', 'Timestamp': '2025-02-25 12:52:39', 'File': 'captured_faces\\67d5843e.jpg', 'Age Category': 'Dewasa', 'Confidence': np.float32(0.9997279)}
2025-02-25 12:52:39,642 - INFO - Saved data to CSV: {'ID': 'e3d42f5c', 'Timestamp': '2025-02-25 12:52:39', 'File': 'captured_faces\\e3d42f5c.jpg', 'Age Category': 'Dewasa', 'Confidence': np.float32(0.9998616)}
2025-02-25 12:52:39,681 - INFO - Saved data to CSV: {'ID': '733f370d', 'Timestamp': '2025-02-25 12:52:39', 'File': 'captured_faces\\733f370d.jpg', 'Age Category': 'Dewasa', 'Confidence': np.float32(0.99984694)}
2025-02-25 12:52:39,719 - INFO - Saved data to CSV: {'ID': '34d74dce', 'Timestamp': '2025-02-25 12:52:39', 'File': 'captured_faces\\34d74dce.jpg', 'Age Category': 'Dewasa', 'Confidence': np.float32(0.99975365)}
2025-02-25 12:52:39,761 - INFO - Saved data to CSV: {'ID': '862d47fd', 'Timestamp': '2025-02-25 12:52:39', 'File': 'captured_faces\\862d47fd.jpg', 'Age Category': 'Dewasa', 'Confidence': np.float32(0.99975365)}
2025-02-25 12:52:39,801 - INFO - Saved data to CSV: {'ID': '8949529b', 'Timestamp': '2025-02-25 12:52:39', 'File': 'captured_faces\\8949529b.jpg', 'Age Category': 'Dewasa', 'Confidence': np.float32(0.99841785)}
2025-02-25 12:52:39,841 - INFO - Saved data to CSV: {'ID': 'f58c493b', 'Timestamp': '2025-02-25 12:52:39', 'File': 'captured_faces\\f58c493b.jpg', 'Age Category': 'Dewasa', 'Confidence': np.float32(0.99855703)}
2025-02-25 12:52:39,891 - INFO - Saved data to CSV: {'ID': '159da4d7', 'Timestamp': '2025-02-25 12:52:39', 'File': 'captured_faces\\159da4d7.jpg', 'Age Category': 'Dewasa', 'Confidence': np.float32(0.99855703)}
2025-02-25 12:52:39,941 - INFO - Saved data to CSV: {'ID': 'b9d8dc58', 'Timestamp': '2025-02-25 12:52:39', 'File': 'captured_faces\\b9d8dc58.jpg', 'Age Category': 'Dewasa', 'Confidence': np.float32(0.99652845)}
2025-02-25 12:52:39,990 - INFO - Saved data to CSV: {'ID': '5689e285', 'Timestamp': '2025-02-25 12:52:39', 'File': 'captured_faces\\5689e285.jpg', 'Age Category': 'Remaja', 'Confidence': np.float32(0.99460804)}
2025-02-25 12:52:40,041 - INFO - Saved data to CSV: {'ID': '0293aaec', 'Timestamp': '2025-02-25 12:52:40', 'File': 'captured_faces\\0293aaec.jpg', 'Age Category': 'Remaja', 'Confidence': np.float32(0.99460804)}
2025-02-25 12:52:40,092 - INFO - Saved data to CSV: {'ID': 'ab9ff163', 'Timestamp': '2025-02-25 12:52:40', 'File': 'captured_faces\\ab9ff163.jpg', 'Age Category': 'Remaja', 'Confidence': np.float32(0.99880385)}
2025-02-25 12:52:40,141 - INFO - Saved data to CSV: {'ID': '7b0c9118', 'Timestamp': '2025-02-25 12:52:40', 'File': 'captured_faces\\7b0c9118.jpg', 'Age Category': 'Remaja', 'Confidence': np.float32(0.99880385)}
2025-02-25 12:52:40,184 - INFO - Saved data to CSV: {'ID': '25cfa634', 'Timestamp': '2025-02-25 12:52:40', 'File': 'captured_faces\\25cfa634.jpg', 'Age Category': 'Dewasa', 'Confidence': np.float32(0.99966776)}
2025-02-25 12:52:40,223 - INFO - Saved data to CSV: {'ID': 'ecca1a6d', 'Timestamp': '2025-02-25 12:52:40', 'File': 'captured_faces\\ecca1a6d.jpg', 'Age Category': 'Dewasa', 'Confidence': np.float32(0.9999497)}
2025-02-25 12:52:40,269 - INFO - Saved data to CSV: {'ID': '0f9d1a2b', 'Timestamp': '2025-02-25 12:52:40', 'File': 'captured_faces\\0f9d1a2b.jpg', 'Age Category': 'Dewasa', 'Confidence': np.float32(0.9999497)}
2025-02-25 12:52:40,337 - INFO - Saved data to CSV: {'ID': 'c677258f', 'Timestamp': '2025-02-25 12:52:40', 'File': 'captured_faces\\c677258f.jpg', 'Age Category': 'Dewasa', 'Confidence': np.float32(0.99998224)}
2025-02-25 12:52:40,381 - INFO - Saved data to CSV: {'ID': '597f8b5d', 'Timestamp': '2025-02-25 12:52:40', 'File': 'captured_faces\\597f8b5d.jpg', 'Age Category': 'Dewasa', 'Confidence': np.float32(0.99998224)}
2025-02-25 12:52:40,447 - INFO - Saved data to CSV: {'ID': '2c3c9987', 'Timestamp': '2025-02-25 12:52:40', 'File': 'captured_faces\\2c3c9987.jpg', 'Age Category': 'Dewasa', 'Confidence': np.float32(0.9999956)}
2025-02-25 12:52:40,491 - INFO - Saved data to CSV: {'ID': '87f153bd', 'Timestamp': '2025-02-25 12:52:40', 'File': 'captured_faces\\87f153bd.jpg', 'Age Category': 'Remaja', 'Confidence': np.float32(0.99999857)}
2025-02-25 12:52:40,540 - INFO - Saved data to CSV: {'ID': 'ffff466e', 'Timestamp': '2025-02-25 12:52:40', 'File': 'captured_faces\\ffff466e.jpg', 'Age Category': 'Remaja', 'Confidence': np.float32(0.9999974)}
2025-02-25 12:52:40,580 - INFO - Saved data to CSV: {'ID': 'd110cdbb', 'Timestamp': '2025-02-25 12:52:40', 'File': 'captured_faces\\d110cdbb.jpg', 'Age Category': 'Remaja', 'Confidence': np.float32(0.9999974)}
2025-02-25 12:52:40,627 - INFO - Saved data to CSV: {'ID': '5d46e9c7', 'Timestamp': '2025-02-25 12:52:40', 'File': 'captured_faces\\5d46e9c7.jpg', 'Age Category': 'Remaja', 'Confidence': np.float32(0.9999702)}
2025-02-25 12:52:40,672 - INFO - Saved data to CSV: {'ID': '0ff03a76', 'Timestamp': '2025-02-25 12:52:40', 'File': 'captured_faces\\0ff03a76.jpg', 'Age Category': 'Remaja', 'Confidence': np.float32(0.9996463)}
2025-02-25 12:52:40,738 - INFO - Saved data to CSV: {'ID': '0608d116', 'Timestamp': '2025-02-25 12:52:40', 'File': 'captured_faces\\0608d116.jpg', 'Age Category': 'Remaja', 'Confidence': np.float32(0.99579644)}
2025-02-25 12:52:40,783 - INFO - Saved data to CSV: {'ID': '009b07d8', 'Timestamp': '2025-02-25 12:52:40', 'File': 'captured_faces\\009b07d8.jpg', 'Age Category': 'Remaja', 'Confidence': np.float32(0.99579644)}
2025-02-25 12:52:40,820 - INFO - Saved data to CSV: {'ID': 'e116852a', 'Timestamp': '2025-02-25 12:52:40', 'File': 'captured_faces\\e116852a.jpg', 'Age Category': 'Remaja', 'Confidence': np.float32(0.9979054)}
2025-02-25 12:52:40,880 - INFO - Saved data to CSV: {'ID': 'ba2fd026', 'Timestamp': '2025-02-25 12:52:40', 'File': 'captured_faces\\ba2fd026.jpg', 'Age Category': 'Remaja', 'Confidence': np.float32(0.9979054)}
2025-02-25 12:52:40,942 - INFO - Saved data to CSV: {'ID': '4a789ac8', 'Timestamp': '2025-02-25 12:52:40', 'File': 'captured_faces\\4a789ac8.jpg', 'Age Category': 'Remaja', 'Confidence': np.float32(0.9990089)}
2025-02-25 12:52:40,985 - INFO - Saved data to CSV: {'ID': 'a4b1d32f', 'Timestamp': '2025-02-25 12:52:40', 'File': 'captured_faces\\a4b1d32f.jpg', 'Age Category': 'Dewasa', 'Confidence': np.float32(0.99831045)}
2025-02-25 12:52:41,029 - INFO - Saved data to CSV: {'ID': 'fa87a0cf', 'Timestamp': '2025-02-25 12:52:41', 'File': 'captured_faces\\fa87a0cf.jpg', 'Age Category': 'Dewasa', 'Confidence': np.float32(0.9982855)}
2025-02-25 12:52:41,081 - INFO - Saved data to CSV: {'ID': '599cb3dc', 'Timestamp': '2025-02-25 12:52:41', 'File': 'captured_faces\\599cb3dc.jpg', 'Age Category': 'Dewasa', 'Confidence': np.float32(0.99584526)}
2025-02-25 12:52:41,127 - INFO - Saved data to CSV: {'ID': '04102e65', 'Timestamp': '2025-02-25 12:52:41', 'File': 'captured_faces\\04102e65.jpg', 'Age Category': 'Dewasa', 'Confidence': np.float32(0.99568105)}
2025-02-25 12:52:41,174 - INFO - Saved data to CSV: {'ID': 'f5939af2', 'Timestamp': '2025-02-25 12:52:41', 'File': 'captured_faces\\f5939af2.jpg', 'Age Category': 'Dewasa', 'Confidence': np.float32(0.99568105)}
2025-02-25 12:52:41,222 - INFO - Saved data to CSV: {'ID': 'c5102f09', 'Timestamp': '2025-02-25 12:52:41', 'File': 'captured_faces\\c5102f09.jpg', 'Age Category': 'Dewasa', 'Confidence': np.float32(0.9977598)}
2025-02-25 12:52:41,266 - INFO - Saved data to CSV: {'ID': '0270f17a', 'Timestamp': '2025-02-25 12:52:41', 'File': 'captured_faces\\0270f17a.jpg', 'Age Category': 'Dewasa', 'Confidence': np.float32(0.9977598)}
2025-02-25 12:52:41,304 - INFO - Saved data to CSV: {'ID': 'c264a6e3', 'Timestamp': '2025-02-25 12:52:41', 'File': 'captured_faces\\c264a6e3.jpg', 'Age Category': 'Dewasa', 'Confidence': np.float32(0.9981925)}
2025-02-25 12:52:41,346 - INFO - Saved data to CSV: {'ID': 'a1a91a52', 'Timestamp': '2025-02-25 12:52:41', 'File': 'captured_faces\\a1a91a52.jpg', 'Age Category': 'Dewasa', 'Confidence': np.float32(0.9981925)}
2025-02-25 12:52:41,400 - INFO - Saved data to CSV: {'ID': 'a9456c44', 'Timestamp': '2025-02-25 12:52:41', 'File': 'captured_faces\\a9456c44.jpg', 'Age Category': 'Dewasa', 'Confidence': np.float32(0.99856275)}
2025-02-25 12:52:41,450 - INFO - Saved data to CSV: {'ID': 'b2575e9e', 'Timestamp': '2025-02-25 12:52:41', 'File': 'captured_faces\\b2575e9e.jpg', 'Age Category': 'Dewasa', 'Confidence': np.float32(0.99856275)}
2025-02-25 12:52:41,500 - INFO - Saved data to CSV: {'ID': '7d9355f8', 'Timestamp': '2025-02-25 12:52:41', 'File': 'captured_faces\\7d9355f8.jpg', 'Age Category': 'Dewasa', 'Confidence': np.float32(0.9990243)}
2025-02-25 12:52:41,554 - INFO - Saved data to CSV: {'ID': '298e0338', 'Timestamp': '2025-02-25 12:52:41', 'File': 'captured_faces\\298e0338.jpg', 'Age Category': 'Dewasa', 'Confidence': np.float32(0.99888366)}
2025-02-25 12:52:41,599 - INFO - Saved data to CSV: {'ID': '14b56449', 'Timestamp': '2025-02-25 12:52:41', 'File': 'captured_faces\\14b56449.jpg', 'Age Category': 'Dewasa', 'Confidence': np.float32(0.99888366)}
2025-02-25 12:52:41,643 - INFO - Saved data to CSV: {'ID': 'b8c2a063', 'Timestamp': '2025-02-25 12:52:41', 'File': 'captured_faces\\b8c2a063.jpg', 'Age Category': 'Dewasa', 'Confidence': np.float32(0.998844)}
2025-02-25 12:52:41,680 - INFO - Saved data to CSV: {'ID': '7db82bd4', 'Timestamp': '2025-02-25 12:52:41', 'File': 'captured_faces\\7db82bd4.jpg', 'Age Category': 'Dewasa', 'Confidence': np.float32(0.998844)}
2025-02-25 12:52:41,722 - INFO - Saved data to CSV: {'ID': 'c2838798', 'Timestamp': '2025-02-25 12:52:41', 'File': 'captured_faces\\c2838798.jpg', 'Age Category': 'Dewasa', 'Confidence': np.float32(0.998803)}
2025-02-25 12:52:41,762 - INFO - Saved data to CSV: {'ID': '0eec060b', 'Timestamp': '2025-02-25 12:52:41', 'File': 'captured_faces\\0eec060b.jpg', 'Age Category': 'Dewasa', 'Confidence': np.float32(0.998803)}
2025-02-25 12:52:41,801 - INFO - Saved data to CSV: {'ID': 'cdc9b705', 'Timestamp': '2025-02-25 12:52:41', 'File': 'captured_faces\\cdc9b705.jpg', 'Age Category': 'Dewasa', 'Confidence': np.float32(0.9986449)}
2025-02-25 12:52:41,842 - INFO - Saved data to CSV: {'ID': '2cd7815f', 'Timestamp': '2025-02-25 12:52:41', 'File': 'captured_faces\\2cd7815f.jpg', 'Age Category': 'Dewasa', 'Confidence': np.float32(0.9986449)}
2025-02-25 12:52:41,881 - INFO - Saved data to CSV: {'ID': 'dac3b541', 'Timestamp': '2025-02-25 12:52:41', 'File': 'captured_faces\\dac3b541.jpg', 'Age Category': 'Dewasa', 'Confidence': np.float32(0.99858737)}
2025-02-25 12:52:41,932 - INFO - Saved data to CSV: {'ID': 'faf1bcef', 'Timestamp': '2025-02-25 12:52:41', 'File': 'captured_faces\\faf1bcef.jpg', 'Age Category': 'Dewasa', 'Confidence': np.float32(0.9985625)}
2025-02-25 12:52:41,981 - INFO - Saved data to CSV: {'ID': 'e72659b2', 'Timestamp': '2025-02-25 12:52:41', 'File': 'captured_faces\\e72659b2.jpg', 'Age Category': 'Dewasa', 'Confidence': np.float32(0.9985625)}
2025-02-25 12:52:42,033 - INFO - Saved data to CSV: {'ID': '52fed237', 'Timestamp': '2025-02-25 12:52:42', 'File': 'captured_faces\\52fed237.jpg', 'Age Category': 'Dewasa', 'Confidence': np.float32(0.9988464)}
2025-02-25 12:52:42,082 - INFO - Saved data to CSV: {'ID': '435bf84e', 'Timestamp': '2025-02-25 12:52:42', 'File': 'captured_faces\\435bf84e.jpg', 'Age Category': 'Dewasa', 'Confidence': np.float32(0.9988464)}
2025-02-25 12:52:42,123 - INFO - Saved data to CSV: {'ID': 'c059bd99', 'Timestamp': '2025-02-25 12:52:42', 'File': 'captured_faces\\c059bd99.jpg', 'Age Category': 'Dewasa', 'Confidence': np.float32(0.99869066)}
2025-02-25 12:52:42,165 - INFO - Saved data to CSV: {'ID': 'e1ac838b', 'Timestamp': '2025-02-25 12:52:42', 'File': 'captured_faces\\e1ac838b.jpg', 'Age Category': 'Dewasa', 'Confidence': np.float32(0.99869066)}
2025-02-25 12:52:42,207 - INFO - Saved data to CSV: {'ID': '15af54f5', 'Timestamp': '2025-02-25 12:52:42', 'File': 'captured_faces\\15af54f5.jpg', 'Age Category': 'Dewasa', 'Confidence': np.float32(0.9990815)}
2025-02-25 12:52:42,267 - INFO - Saved data to CSV: {'ID': 'f1a72f9d', 'Timestamp': '2025-02-25 12:52:42', 'File': 'captured_faces\\f1a72f9d.jpg', 'Age Category': 'Dewasa', 'Confidence': np.float32(0.9990815)}
2025-02-25 12:52:42,350 - INFO - Saved data to CSV: {'ID': 'ccc0200e', 'Timestamp': '2025-02-25 12:52:42', 'File': 'captured_faces\\ccc0200e.jpg', 'Age Category': 'Dewasa', 'Confidence': np.float32(0.99940693)}
2025-02-25 12:52:42,410 - INFO - Saved data to CSV: {'ID': '8585d4a0', 'Timestamp': '2025-02-25 12:52:42', 'File': 'captured_faces\\8585d4a0.jpg', 'Age Category': 'Dewasa', 'Confidence': np.float32(0.999608)}
2025-02-25 12:52:42,463 - INFO - Saved data to CSV: {'ID': 'a7d43304', 'Timestamp': '2025-02-25 12:52:42', 'File': 'captured_faces\\a7d43304.jpg', 'Age Category': 'Dewasa', 'Confidence': np.float32(0.9995571)}
2025-02-25 12:52:42,509 - INFO - Saved data to CSV: {'ID': 'dbdd343b', 'Timestamp': '2025-02-25 12:52:42', 'File': 'captured_faces\\dbdd343b.jpg', 'Age Category': 'Dewasa', 'Confidence': np.float32(0.9995571)}
2025-02-25 12:52:42,560 - INFO - Saved data to CSV: {'ID': '0169b53f', 'Timestamp': '2025-02-25 12:52:42', 'File': 'captured_faces\\0169b53f.jpg', 'Age Category': 'Dewasa', 'Confidence': np.float32(0.99956995)}
2025-02-25 12:52:42,623 - INFO - Saved data to CSV: {'ID': 'ff3f89f2', 'Timestamp': '2025-02-25 12:52:42', 'File': 'captured_faces\\ff3f89f2.jpg', 'Age Category': 'Dewasa', 'Confidence': np.float32(0.9996816)}
2025-02-25 12:52:42,665 - INFO - Saved data to CSV: {'ID': '4b3f8e36', 'Timestamp': '2025-02-25 12:52:42', 'File': 'captured_faces\\4b3f8e36.jpg', 'Age Category': 'Dewasa', 'Confidence': np.float32(0.9996302)}
2025-02-25 12:52:42,720 - INFO - Saved data to CSV: {'ID': 'a9a1f134', 'Timestamp': '2025-02-25 12:52:42', 'File': 'captured_faces\\a9a1f134.jpg', 'Age Category': 'Dewasa', 'Confidence': np.float32(0.99973947)}
2025-02-25 12:52:42,759 - INFO - Saved data to CSV: {'ID': '2f199431', 'Timestamp': '2025-02-25 12:52:42', 'File': 'captured_faces\\2f199431.jpg', 'Age Category': 'Dewasa', 'Confidence': np.float32(0.99973947)}
2025-02-25 12:52:42,804 - INFO - Saved data to CSV: {'ID': '978b6b28', 'Timestamp': '2025-02-25 12:52:42', 'File': 'captured_faces\\978b6b28.jpg', 'Age Category': 'Dewasa', 'Confidence': np.float32(0.9996815)}
2025-02-25 12:52:42,866 - INFO - Saved data to CSV: {'ID': '8baec2bd', 'Timestamp': '2025-02-25 12:52:42', 'File': 'captured_faces\\8baec2bd.jpg', 'Age Category': 'Dewasa', 'Confidence': np.float32(0.9996815)}
2025-02-25 12:52:42,920 - INFO - Saved data to CSV: {'ID': '61cf01b2', 'Timestamp': '2025-02-25 12:52:42', 'File': 'captured_faces\\61cf01b2.jpg', 'Age Category': 'Dewasa', 'Confidence': np.float32(0.9997979)}
2025-02-25 12:52:42,970 - INFO - Saved data to CSV: {'ID': '35dc92c5', 'Timestamp': '2025-02-25 12:52:42', 'File': 'captured_faces\\35dc92c5.jpg', 'Age Category': 'Dewasa', 'Confidence': np.float32(0.9997979)}
2025-02-25 12:52:43,008 - INFO - Saved data to CSV: {'ID': '332b69d2', 'Timestamp': '2025-02-25 12:52:43', 'File': 'captured_faces\\332b69d2.jpg', 'Age Category': 'Dewasa', 'Confidence': np.float32(0.9998692)}
2025-02-25 12:52:43,047 - INFO - Saved data to CSV: {'ID': 'af9347a3', 'Timestamp': '2025-02-25 12:52:43', 'File': 'captured_faces\\af9347a3.jpg', 'Age Category': 'Dewasa', 'Confidence': np.float32(0.9998692)}
2025-02-25 12:52:43,098 - INFO - Saved data to CSV: {'ID': 'eb49d6b3', 'Timestamp': '2025-02-25 12:52:43', 'File': 'captured_faces\\eb49d6b3.jpg', 'Age Category': 'Dewasa', 'Confidence': np.float32(0.99980754)}
2025-02-25 12:52:43,149 - INFO - Saved data to CSV: {'ID': '24f64749', 'Timestamp': '2025-02-25 12:52:43', 'File': 'captured_faces\\24f64749.jpg', 'Age Category': 'Dewasa', 'Confidence': np.float32(0.9997162)}
2025-02-25 12:52:43,199 - INFO - Saved data to CSV: {'ID': 'd7048b8f', 'Timestamp': '2025-02-25 12:52:43', 'File': 'captured_faces\\d7048b8f.jpg', 'Age Category': 'Dewasa', 'Confidence': np.float32(0.9997162)}
2025-02-25 12:52:43,259 - INFO - Saved data to CSV: {'ID': 'f664ad39', 'Timestamp': '2025-02-25 12:52:43', 'File': 'captured_faces\\f664ad39.jpg', 'Age Category': 'Dewasa', 'Confidence': np.float32(0.9998062)}
2025-02-25 12:52:43,316 - INFO - Saved data to CSV: {'ID': '12db0c20', 'Timestamp': '2025-02-25 12:52:43', 'File': 'captured_faces\\12db0c20.jpg', 'Age Category': 'Dewasa', 'Confidence': np.float32(0.9998062)}
2025-02-25 12:52:43,363 - INFO - Saved data to CSV: {'ID': '03589c10', 'Timestamp': '2025-02-25 12:52:43', 'File': 'captured_faces\\03589c10.jpg', 'Age Category': 'Dewasa', 'Confidence': np.float32(0.9998134)}
2025-02-25 12:52:43,407 - INFO - Saved data to CSV: {'ID': '2c927603', 'Timestamp': '2025-02-25 12:52:43', 'File': 'captured_faces\\2c927603.jpg', 'Age Category': 'Dewasa', 'Confidence': np.float32(0.9998857)}
2025-02-25 12:52:43,466 - INFO - Saved data to CSV: {'ID': '7a0faf7d', 'Timestamp': '2025-02-25 12:52:43', 'File': 'captured_faces\\7a0faf7d.jpg', 'Age Category': 'Dewasa', 'Confidence': np.float32(0.9998857)}
2025-02-25 12:52:43,519 - INFO - Saved data to CSV: {'ID': '3a83365a', 'Timestamp': '2025-02-25 12:52:43', 'File': 'captured_faces\\3a83365a.jpg', 'Age Category': 'Dewasa', 'Confidence': np.float32(0.9998857)}
2025-02-25 12:52:43,933 - INFO - Saved data to CSV: {'ID': '0b0fa47f', 'Timestamp': '2025-02-25 12:52:43', 'File': 'captured_faces\\0b0fa47f.jpg', 'Age Category': 'Dewasa', 'Confidence': np.float32(0.9998615)}
2025-02-25 12:52:43,988 - INFO - Saved data to CSV: {'ID': '38fcee2f', 'Timestamp': '2025-02-25 12:52:43', 'File': 'captured_faces\\38fcee2f.jpg', 'Age Category': 'Dewasa', 'Confidence': np.float32(0.99973434)}
2025-02-25 12:52:44,033 - INFO - Saved data to CSV: {'ID': '79cb007c', 'Timestamp': '2025-02-25 12:52:44', 'File': 'captured_faces\\79cb007c.jpg', 'Age Category': 'Dewasa', 'Confidence': np.float32(0.99973434)}
2025-02-25 12:52:44,096 - INFO - Saved data to CSV: {'ID': '2cba5716', 'Timestamp': '2025-02-25 12:52:44', 'File': 'captured_faces\\2cba5716.jpg', 'Age Category': 'Dewasa', 'Confidence': np.float32(0.9997004)}
2025-02-25 12:52:44,131 - INFO - Saved data to CSV: {'ID': 'ea1b3d02', 'Timestamp': '2025-02-25 12:52:44', 'File': 'captured_faces\\ea1b3d02.jpg', 'Age Category': 'Dewasa', 'Confidence': np.float32(0.9998004)}
2025-02-25 12:52:44,172 - INFO - Saved data to CSV: {'ID': '745336e8', 'Timestamp': '2025-02-25 12:52:44', 'File': 'captured_faces\\745336e8.jpg', 'Age Category': 'Dewasa', 'Confidence': np.float32(0.9998004)}
2025-02-25 12:52:44,219 - INFO - Saved data to CSV: {'ID': '31289111', 'Timestamp': '2025-02-25 12:52:44', 'File': 'captured_faces\\31289111.jpg', 'Age Category': 'Dewasa', 'Confidence': np.float32(0.99972314)}
2025-02-25 12:52:44,266 - INFO - Saved data to CSV: {'ID': '1944bd8d', 'Timestamp': '2025-02-25 12:52:44', 'File': 'captured_faces\\1944bd8d.jpg', 'Age Category': 'Dewasa', 'Confidence': np.float32(0.99972314)}
2025-02-25 12:52:44,326 - INFO - Saved data to CSV: {'ID': 'ad851d78', 'Timestamp': '2025-02-25 12:52:44', 'File': 'captured_faces\\ad851d78.jpg', 'Age Category': 'Dewasa', 'Confidence': np.float32(0.99972314)}
2025-02-25 12:52:44,375 - INFO - Saved data to CSV: {'ID': 'b489286d', 'Timestamp': '2025-02-25 12:52:44', 'File': 'captured_faces\\b489286d.jpg', 'Age Category': 'Dewasa', 'Confidence': np.float32(0.99980015)}
2025-02-25 12:52:44,425 - INFO - Saved data to CSV: {'ID': '7947e3b5', 'Timestamp': '2025-02-25 12:52:44', 'File': 'captured_faces\\7947e3b5.jpg', 'Age Category': 'Dewasa', 'Confidence': np.float32(0.9997303)}
2025-02-25 12:52:44,487 - INFO - Saved data to CSV: {'ID': 'fe514b52', 'Timestamp': '2025-02-25 12:52:44', 'File': 'captured_faces\\fe514b52.jpg', 'Age Category': 'Dewasa', 'Confidence': np.float32(0.9997943)}
2025-02-25 12:52:44,533 - INFO - Saved data to CSV: {'ID': 'fca665d6', 'Timestamp': '2025-02-25 12:52:44', 'File': 'captured_faces\\fca665d6.jpg', 'Age Category': 'Dewasa', 'Confidence': np.float32(0.9997943)}
2025-02-25 12:52:44,577 - INFO - Saved data to CSV: {'ID': 'bf50b274', 'Timestamp': '2025-02-25 12:52:44', 'File': 'captured_faces\\bf50b274.jpg', 'Age Category': 'Dewasa', 'Confidence': np.float32(0.99983263)}
2025-02-25 12:52:44,657 - INFO - Saved data to CSV: {'ID': '5ad98390', 'Timestamp': '2025-02-25 12:52:44', 'File': 'captured_faces\\5ad98390.jpg', 'Age Category': 'Dewasa', 'Confidence': np.float32(0.99980694)}
2025-02-25 12:52:44,848 - INFO - Saved data to CSV: {'ID': '42b7cf10', 'Timestamp': '2025-02-25 12:52:44', 'File': 'captured_faces\\42b7cf10.jpg', 'Age Category': 'Dewasa', 'Confidence': np.float32(0.99982685)}
2025-02-25 12:52:44,893 - INFO - Saved data to CSV: {'ID': 'fc9b413b', 'Timestamp': '2025-02-25 12:52:44', 'File': 'captured_faces\\fc9b413b.jpg', 'Age Category': 'Dewasa', 'Confidence': np.float32(0.99982685)}
2025-02-25 12:52:44,938 - INFO - Saved data to CSV: {'ID': '53572f89', 'Timestamp': '2025-02-25 12:52:44', 'File': 'captured_faces\\53572f89.jpg', 'Age Category': 'Dewasa', 'Confidence': np.float32(0.9998342)}
2025-02-25 12:52:45,014 - INFO - Saved data to CSV: {'ID': 'fe336b1c', 'Timestamp': '2025-02-25 12:52:45', 'File': 'captured_faces\\fe336b1c.jpg', 'Age Category': 'Dewasa', 'Confidence': np.float32(0.99982613)}
2025-02-25 12:52:45,080 - INFO - Saved data to CSV: {'ID': '3dd64cba', 'Timestamp': '2025-02-25 12:52:45', 'File': 'captured_faces\\3dd64cba.jpg', 'Age Category': 'Dewasa', 'Confidence': np.float32(0.99982613)}
2025-02-25 12:52:45,155 - INFO - Saved data to CSV: {'ID': '9564bf64', 'Timestamp': '2025-02-25 12:52:45', 'File': 'captured_faces\\9564bf64.jpg', 'Age Category': 'Dewasa', 'Confidence': np.float32(0.9998197)}
2025-02-25 12:52:45,208 - INFO - Saved data to CSV: {'ID': '3feb2ba5', 'Timestamp': '2025-02-25 12:52:45', 'File': 'captured_faces\\3feb2ba5.jpg', 'Age Category': 'Remaja', 'Confidence': np.float32(0.9998785)}
2025-02-25 12:52:45,251 - INFO - Saved data to CSV: {'ID': '7627a66b', 'Timestamp': '2025-02-25 12:52:45', 'File': 'captured_faces\\7627a66b.jpg', 'Age Category': 'Remaja', 'Confidence': np.float32(0.9998785)}
2025-02-25 12:52:45,292 - INFO - Saved data to CSV: {'ID': '661ffc48', 'Timestamp': '2025-02-25 12:52:45', 'File': 'captured_faces\\661ffc48.jpg', 'Age Category': 'Dewasa', 'Confidence': np.float32(0.999775)}
2025-02-25 12:52:45,351 - INFO - Saved data to CSV: {'ID': '4ee10cbd', 'Timestamp': '2025-02-25 12:52:45', 'File': 'captured_faces\\4ee10cbd.jpg', 'Age Category': 'Dewasa', 'Confidence': np.float32(0.999775)}
2025-02-25 12:52:45,418 - INFO - Saved data to CSV: {'ID': 'd845daa3', 'Timestamp': '2025-02-25 12:52:45', 'File': 'captured_faces\\d845daa3.jpg', 'Age Category': 'Dewasa', 'Confidence': np.float32(0.9996855)}
2025-02-25 12:52:45,466 - INFO - Saved data to CSV: {'ID': 'e051b2ec', 'Timestamp': '2025-02-25 12:52:45', 'File': 'captured_faces\\e051b2ec.jpg', 'Age Category': 'Dewasa', 'Confidence': np.float32(0.9998565)}
2025-02-25 12:52:45,532 - INFO - Saved data to CSV: {'ID': 'c6bdbf69', 'Timestamp': '2025-02-25 12:52:45', 'File': 'captured_faces\\c6bdbf69.jpg', 'Age Category': 'Dewasa', 'Confidence': np.float32(0.9998565)}
2025-02-25 12:52:45,582 - INFO - Saved data to CSV: {'ID': 'e919befa', 'Timestamp': '2025-02-25 12:52:45', 'File': 'captured_faces\\e919befa.jpg', 'Age Category': 'Dewasa', 'Confidence': np.float32(0.9998307)}
2025-02-25 12:52:45,645 - INFO - Saved data to CSV: {'ID': '12f083b7', 'Timestamp': '2025-02-25 12:52:45', 'File': 'captured_faces\\12f083b7.jpg', 'Age Category': 'Dewasa', 'Confidence': np.float32(0.9998307)}
2025-02-25 12:52:45,683 - INFO - Saved data to CSV: {'ID': '69e87183', 'Timestamp': '2025-02-25 12:52:45', 'File': 'captured_faces\\69e87183.jpg', 'Age Category': 'Dewasa', 'Confidence': np.float32(0.9997813)}
2025-02-25 12:52:45,722 - INFO - Saved data to CSV: {'ID': 'b18fdb3f', 'Timestamp': '2025-02-25 12:52:45', 'File': 'captured_faces\\b18fdb3f.jpg', 'Age Category': 'Dewasa', 'Confidence': np.float32(0.999798)}
2025-02-25 12:52:45,764 - INFO - Saved data to CSV: {'ID': '40bba6b5', 'Timestamp': '2025-02-25 12:52:45', 'File': 'captured_faces\\40bba6b5.jpg', 'Age Category': 'Dewasa', 'Confidence': np.float32(0.999798)}
2025-02-25 12:52:45,802 - INFO - Saved data to CSV: {'ID': 'cb1fe2b4', 'Timestamp': '2025-02-25 12:52:45', 'File': 'captured_faces\\cb1fe2b4.jpg', 'Age Category': 'Dewasa', 'Confidence': np.float32(0.99980253)}
2025-02-25 12:52:45,845 - INFO - Saved data to CSV: {'ID': '06f864b7', 'Timestamp': '2025-02-25 12:52:45', 'File': 'captured_faces\\06f864b7.jpg', 'Age Category': 'Dewasa', 'Confidence': np.float32(0.99980253)}
2025-02-25 12:52:45,882 - INFO - Saved data to CSV: {'ID': 'd3dd5433', 'Timestamp': '2025-02-25 12:52:45', 'File': 'captured_faces\\d3dd5433.jpg', 'Age Category': 'Dewasa', 'Confidence': np.float32(0.999887)}
2025-02-25 12:52:45,941 - INFO - Saved data to CSV: {'ID': '4b7b7c8e', 'Timestamp': '2025-02-25 12:52:45', 'File': 'captured_faces\\4b7b7c8e.jpg', 'Age Category': 'Dewasa', 'Confidence': np.float32(0.999887)}
2025-02-25 12:52:45,984 - INFO - Saved data to CSV: {'ID': '591ceeab', 'Timestamp': '2025-02-25 12:52:45', 'File': 'captured_faces\\591ceeab.jpg', 'Age Category': 'Dewasa', 'Confidence': np.float32(0.99990475)}
2025-02-25 12:52:46,029 - INFO - Saved data to CSV: {'ID': 'd39facf4', 'Timestamp': '2025-02-25 12:52:46', 'File': 'captured_faces\\d39facf4.jpg', 'Age Category': 'Dewasa', 'Confidence': np.float32(0.99990475)}
2025-02-25 12:52:46,079 - INFO - Saved data to CSV: {'ID': 'c4b3afae', 'Timestamp': '2025-02-25 12:52:46', 'File': 'captured_faces\\c4b3afae.jpg', 'Age Category': 'Dewasa', 'Confidence': np.float32(0.99993515)}
2025-02-25 12:52:46,108 - INFO - Saved data to CSV: {'ID': 'c40724bc', 'Timestamp': '2025-02-25 12:52:46', 'File': 'captured_faces\\c40724bc.jpg', 'Age Category': 'Dewasa', 'Confidence': np.float32(0.99992645)}
2025-02-25 12:52:46,171 - INFO - Saved data to CSV: {'ID': 'ae40a375', 'Timestamp': '2025-02-25 12:52:46', 'File': 'captured_faces\\ae40a375.jpg', 'Age Category': 'Dewasa', 'Confidence': np.float32(0.99992645)}
2025-02-25 12:52:46,233 - INFO - Saved data to CSV: {'ID': '7409f9d7', 'Timestamp': '2025-02-25 12:52:46', 'File': 'captured_faces\\7409f9d7.jpg', 'Age Category': 'Dewasa', 'Confidence': np.float32(0.99990535)}
2025-02-25 12:52:46,287 - INFO - Saved data to CSV: {'ID': 'a55a361d', 'Timestamp': '2025-02-25 12:52:46', 'File': 'captured_faces\\a55a361d.jpg', 'Age Category': 'Dewasa', 'Confidence': np.float32(0.99990535)}
2025-02-25 12:52:46,397 - INFO - Saved data to CSV: {'ID': '0b97369e', 'Timestamp': '2025-02-25 12:52:46', 'File': 'captured_faces\\0b97369e.jpg', 'Age Category': 'Dewasa', 'Confidence': np.float32(0.9999491)}
2025-02-25 12:52:46,459 - INFO - Saved data to CSV: {'ID': '116bd03a', 'Timestamp': '2025-02-25 12:52:46', 'File': 'captured_faces\\116bd03a.jpg', 'Age Category': 'Dewasa', 'Confidence': np.float32(0.9999633)}
2025-02-25 12:52:46,515 - INFO - Saved data to CSV: {'ID': '70e8f967', 'Timestamp': '2025-02-25 12:52:46', 'File': 'captured_faces\\70e8f967.jpg', 'Age Category': 'Dewasa', 'Confidence': np.float32(0.9999633)}
2025-02-25 12:52:46,581 - INFO - Saved data to CSV: {'ID': '63aa984e', 'Timestamp': '2025-02-25 12:52:46', 'File': 'captured_faces\\63aa984e.jpg', 'Age Category': 'Dewasa', 'Confidence': np.float32(0.99993443)}
2025-02-25 12:52:46,625 - INFO - Saved data to CSV: {'ID': '027d22fc', 'Timestamp': '2025-02-25 12:52:46', 'File': 'captured_faces\\027d22fc.jpg', 'Age Category': 'Dewasa', 'Confidence': np.float32(0.99993753)}
2025-02-25 12:52:46,661 - INFO - Saved data to CSV: {'ID': '75b21efa', 'Timestamp': '2025-02-25 12:52:46', 'File': 'captured_faces\\75b21efa.jpg', 'Age Category': 'Dewasa', 'Confidence': np.float32(0.99993753)}
2025-02-25 12:52:46,747 - INFO - Saved data to CSV: {'ID': 'c74c8cf9', 'Timestamp': '2025-02-25 12:52:46', 'File': 'captured_faces\\c74c8cf9.jpg', 'Age Category': 'Dewasa', 'Confidence': np.float32(0.99993134)}
2025-02-25 12:52:46,798 - INFO - Saved data to CSV: {'ID': '2693e278', 'Timestamp': '2025-02-25 12:52:46', 'File': 'captured_faces\\2693e278.jpg', 'Age Category': 'Dewasa', 'Confidence': np.float32(0.999956)}
2025-02-25 12:52:46,846 - INFO - Saved data to CSV: {'ID': 'c6916855', 'Timestamp': '2025-02-25 12:52:46', 'File': 'captured_faces\\c6916855.jpg', 'Age Category': 'Dewasa', 'Confidence': np.float32(0.999956)}
2025-02-25 12:52:46,884 - INFO - Saved data to CSV: {'ID': 'a682a572', 'Timestamp': '2025-02-25 12:52:46', 'File': 'captured_faces\\a682a572.jpg', 'Age Category': 'Dewasa', 'Confidence': np.float32(0.99994516)}
2025-02-25 12:52:46,924 - INFO - Saved data to CSV: {'ID': '7ed087ff', 'Timestamp': '2025-02-25 12:52:46', 'File': 'captured_faces\\7ed087ff.jpg', 'Age Category': 'Dewasa', 'Confidence': np.float32(0.99994516)}
2025-02-25 12:52:46,969 - INFO - Saved data to CSV: {'ID': '26341af8', 'Timestamp': '2025-02-25 12:52:46', 'File': 'captured_faces\\26341af8.jpg', 'Age Category': 'Dewasa', 'Confidence': np.float32(0.9999169)}
2025-02-25 12:52:47,025 - INFO - Saved data to CSV: {'ID': 'd3fc7ddf', 'Timestamp': '2025-02-25 12:52:47', 'File': 'captured_faces\\d3fc7ddf.jpg', 'Age Category': 'Dewasa', 'Confidence': np.float32(0.9999169)}
2025-02-25 12:52:47,074 - INFO - Saved data to CSV: {'ID': 'e964a6ec', 'Timestamp': '2025-02-25 12:52:47', 'File': 'captured_faces\\e964a6ec.jpg', 'Age Category': 'Dewasa', 'Confidence': np.float32(0.99996424)}
2025-02-25 12:52:47,133 - INFO - Saved data to CSV: {'ID': 'd1316ac2', 'Timestamp': '2025-02-25 12:52:47', 'File': 'captured_faces\\d1316ac2.jpg', 'Age Category': 'Dewasa', 'Confidence': np.float32(0.9999639)}
2025-02-25 12:52:47,184 - INFO - Saved data to CSV: {'ID': 'ef37e901', 'Timestamp': '2025-02-25 12:52:47', 'File': 'captured_faces\\ef37e901.jpg', 'Age Category': 'Dewasa', 'Confidence': np.float32(0.9999639)}
2025-02-25 12:52:47,255 - INFO - Saved data to CSV: {'ID': '2cf25e7d', 'Timestamp': '2025-02-25 12:52:47', 'File': 'captured_faces\\2cf25e7d.jpg', 'Age Category': 'Dewasa', 'Confidence': np.float32(0.9999604)}
2025-02-25 12:52:47,333 - INFO - Saved data to CSV: {'ID': 'feed514b', 'Timestamp': '2025-02-25 12:52:47', 'File': 'captured_faces\\feed514b.jpg', 'Age Category': 'Dewasa', 'Confidence': np.float32(0.9999604)}
2025-02-25 12:52:47,371 - INFO - Saved data to CSV: {'ID': '96a423e9', 'Timestamp': '2025-02-25 12:52:47', 'File': 'captured_faces\\96a423e9.jpg', 'Age Category': 'Dewasa', 'Confidence': np.float32(0.9999472)}
2025-02-25 12:52:47,411 - INFO - Saved data to CSV: {'ID': '819296e3', 'Timestamp': '2025-02-25 12:52:47', 'File': 'captured_faces\\819296e3.jpg', 'Age Category': 'Dewasa', 'Confidence': np.float32(0.99998844)}
2025-02-25 12:52:47,464 - INFO - Saved data to CSV: {'ID': '2f7a62dd', 'Timestamp': '2025-02-25 12:52:47', 'File': 'captured_faces\\2f7a62dd.jpg', 'Age Category': 'Dewasa', 'Confidence': np.float32(0.99998844)}
2025-02-25 12:52:47,510 - INFO - Saved data to CSV: {'ID': '2fbaae6f', 'Timestamp': '2025-02-25 12:52:47', 'File': 'captured_faces\\2fbaae6f.jpg', 'Age Category': 'Dewasa', 'Confidence': np.float32(0.99998033)}
2025-02-25 12:52:47,573 - INFO - Saved data to CSV: {'ID': '860f1b75', 'Timestamp': '2025-02-25 12:52:47', 'File': 'captured_faces\\860f1b75.jpg', 'Age Category': 'Dewasa', 'Confidence': np.float32(0.99998033)}
2025-02-25 12:52:47,615 - INFO - Saved data to CSV: {'ID': '39cbc8e6', 'Timestamp': '2025-02-25 12:52:47', 'File': 'captured_faces\\39cbc8e6.jpg', 'Age Category': 'Dewasa', 'Confidence': np.float32(0.99998045)}
2025-02-25 12:52:47,708 - INFO - Saved data to CSV: {'ID': '83367fe2', 'Timestamp': '2025-02-25 12:52:47', 'File': 'captured_faces\\83367fe2.jpg', 'Age Category': 'Dewasa', 'Confidence': np.float32(0.99994946)}
2025-02-25 12:52:47,763 - INFO - Saved data to CSV: {'ID': '3d996846', 'Timestamp': '2025-02-25 12:52:47', 'File': 'captured_faces\\3d996846.jpg', 'Age Category': 'Dewasa', 'Confidence': np.float32(0.99994946)}
2025-02-25 12:52:47,828 - INFO - Saved data to CSV: {'ID': '6cc1592f', 'Timestamp': '2025-02-25 12:52:47', 'File': 'captured_faces\\6cc1592f.jpg', 'Age Category': 'Dewasa', 'Confidence': np.float32(0.9997181)}
2025-02-25 12:52:47,875 - INFO - Saved data to CSV: {'ID': 'ff5dc604', 'Timestamp': '2025-02-25 12:52:47', 'File': 'captured_faces\\ff5dc604.jpg', 'Age Category': 'Dewasa', 'Confidence': np.float32(0.99960655)}
2025-02-25 12:52:47,914 - INFO - Saved data to CSV: {'ID': 'b92a386b', 'Timestamp': '2025-02-25 12:52:47', 'File': 'captured_faces\\b92a386b.jpg', 'Age Category': 'Dewasa', 'Confidence': np.float32(0.99960655)}
2025-02-25 12:52:48,014 - INFO - Saved data to CSV: {'ID': '8df9bec2', 'Timestamp': '2025-02-25 12:52:47', 'File': 'captured_faces\\8df9bec2.jpg', 'Age Category': 'Dewasa', 'Confidence': np.float32(0.99927515)}
2025-02-25 12:52:48,084 - INFO - Saved data to CSV: {'ID': 'e1cd3301', 'Timestamp': '2025-02-25 12:52:48', 'File': 'captured_faces\\e1cd3301.jpg', 'Age Category': 'Dewasa', 'Confidence': np.float32(0.999749)}
2025-02-25 12:52:48,130 - INFO - Saved data to CSV: {'ID': '6476b60c', 'Timestamp': '2025-02-25 12:52:48', 'File': 'captured_faces\\6476b60c.jpg', 'Age Category': 'Dewasa', 'Confidence': np.float32(0.999749)}
2025-02-25 12:52:48,298 - INFO - Saved data to CSV: {'ID': 'b476a1af', 'Timestamp': '2025-02-25 12:52:48', 'File': 'captured_faces\\b476a1af.jpg', 'Age Category': 'Dewasa', 'Confidence': np.float32(0.9998367)}
2025-02-25 12:52:48,737 - INFO - Tracking session ended.
2025-02-25 13:07:26,407 - ERROR - Error saving to CSV: 'Gender'
2025-02-25 13:07:26,456 - ERROR - Error saving to CSV: 'Gender'
2025-02-25 13:07:26,490 - ERROR - Error saving to CSV: 'Gender'
2025-02-25 13:07:26,527 - ERROR - Error saving to CSV: 'Gender'
2025-02-25 13:07:26,569 - ERROR - Error saving to CSV: 'Gender'
2025-02-25 13:07:26,615 - ERROR - Error saving to CSV: 'Gender'
2025-02-25 13:07:26,654 - ERROR - Error saving to CSV: 'Gender'
2025-02-25 13:07:26,695 - ERROR - Error saving to CSV: 'Gender'
2025-02-25 13:07:26,738 - ERROR - Error saving to CSV: 'Gender'
2025-02-25 13:07:26,781 - ERROR - Error saving to CSV: 'Gender'
2025-02-25 13:07:26,846 - ERROR - Error saving to CSV: 'Gender'
2025-02-25 13:07:26,895 - ERROR - Error saving to CSV: 'Gender'
2025-02-25 13:07:26,945 - ERROR - Error saving to CSV: 'Gender'
2025-02-25 13:07:26,999 - ERROR - Error saving to CSV: 'Gender'
2025-02-25 13:07:27,055 - ERROR - Error saving to CSV: 'Gender'
2025-02-25 13:07:27,112 - ERROR - Error saving to CSV: 'Gender'
2025-02-25 13:07:27,154 - ERROR - Error saving to CSV: 'Gender'
2025-02-25 13:07:27,221 - ERROR - Error saving to CSV: 'Gender'
2025-02-25 13:07:27,268 - ERROR - Error saving to CSV: 'Gender'
2025-02-25 13:07:27,333 - ERROR - Error saving to CSV: 'Gender'
2025-02-25 13:07:27,382 - ERROR - Error saving to CSV: 'Gender'
2025-02-25 13:07:27,441 - ERROR - Error saving to CSV: 'Gender'
2025-02-25 13:07:27,484 - ERROR - Error saving to CSV: 'Gender'
2025-02-25 13:07:27,525 - ERROR - Error saving to CSV: 'Gender'
2025-02-25 13:07:27,563 - ERROR - Error saving to CSV: 'Gender'
2025-02-25 13:07:27,603 - ERROR - Error saving to CSV: 'Gender'
2025-02-25 13:07:27,645 - ERROR - Error saving to CSV: 'Gender'
2025-02-25 13:07:27,682 - ERROR - Error saving to CSV: 'Gender'
2025-02-25 13:07:27,751 - ERROR - Error saving to CSV: 'Gender'
2025-02-25 13:07:27,838 - ERROR - Error saving to CSV: 'Gender'
2025-02-25 13:07:27,892 - ERROR - Error saving to CSV: 'Gender'
2025-02-25 13:07:27,957 - ERROR - Error saving to CSV: 'Gender'
2025-02-25 13:07:28,005 - ERROR - Error saving to CSV: 'Gender'
2025-02-25 13:07:28,041 - ERROR - Error saving to CSV: 'Gender'
2025-02-25 13:07:28,084 - ERROR - Error saving to CSV: 'Gender'
2025-02-25 13:07:28,121 - ERROR - Error saving to CSV: 'Gender'
2025-02-25 13:07:28,187 - ERROR - Error saving to CSV: 'Gender'
2025-02-25 13:07:28,241 - ERROR - Error saving to CSV: 'Gender'
2025-02-25 13:07:28,293 - ERROR - Error saving to CSV: 'Gender'
2025-02-25 13:07:28,354 - ERROR - Error saving to CSV: 'Gender'
2025-02-25 13:07:28,407 - ERROR - Error saving to CSV: 'Gender'
2025-02-25 13:07:28,467 - ERROR - Error saving to CSV: 'Gender'
2025-02-25 13:07:28,509 - ERROR - Error saving to CSV: 'Gender'
2025-02-25 13:07:28,549 - ERROR - Error saving to CSV: 'Gender'
2025-02-25 13:07:28,615 - ERROR - Error saving to CSV: 'Gender'
2025-02-25 13:07:28,673 - ERROR - Error saving to CSV: 'Gender'
2025-02-25 13:07:28,718 - ERROR - Error saving to CSV: 'Gender'
2025-02-25 13:07:28,763 - ERROR - Error saving to CSV: 'Gender'
2025-02-25 13:07:28,818 - ERROR - Error saving to CSV: 'Gender'
2025-02-25 13:07:28,859 - ERROR - Error saving to CSV: 'Gender'
2025-02-25 13:07:28,908 - ERROR - Error saving to CSV: 'Gender'
2025-02-25 13:07:28,958 - ERROR - Error saving to CSV: 'Gender'
2025-02-25 13:07:29,013 - ERROR - Error saving to CSV: 'Gender'
2025-02-25 13:07:29,064 - ERROR - Error saving to CSV: 'Gender'
2025-02-25 13:07:29,096 - ERROR - Error saving to CSV: 'Gender'
2025-02-25 13:07:29,141 - ERROR - Error saving to CSV: 'Gender'
2025-02-25 13:07:29,182 - ERROR - Error saving to CSV: 'Gender'
2025-02-25 13:07:29,227 - ERROR - Error saving to CSV: 'Gender'
2025-02-25 13:07:29,296 - ERROR - Error saving to CSV: 'Gender'
2025-02-25 13:07:29,366 - ERROR - Error saving to CSV: 'Gender'
2025-02-25 13:07:29,398 - ERROR - Error saving to CSV: 'Gender'
2025-02-25 13:07:29,492 - ERROR - Error saving to CSV: 'Gender'
2025-02-25 13:07:29,532 - ERROR - Error saving to CSV: 'Gender'
2025-02-25 13:07:29,578 - ERROR - Error saving to CSV: 'Gender'
2025-02-25 13:07:29,633 - ERROR - Error saving to CSV: 'Gender'
2025-02-25 13:07:29,678 - ERROR - Error saving to CSV: 'Gender'
2025-02-25 13:07:29,718 - ERROR - Error saving to CSV: 'Gender'
2025-02-25 13:07:29,762 - ERROR - Error saving to CSV: 'Gender'
2025-02-25 13:07:29,800 - ERROR - Error saving to CSV: 'Gender'
2025-02-25 13:07:29,851 - ERROR - Error saving to CSV: 'Gender'
2025-02-25 13:07:29,896 - ERROR - Error saving to CSV: 'Gender'
2025-02-25 13:07:29,957 - ERROR - Error saving to CSV: 'Gender'
2025-02-25 13:07:29,998 - ERROR - Error saving to CSV: 'Gender'
2025-02-25 13:07:30,048 - ERROR - Error saving to CSV: 'Gender'
2025-02-25 13:07:30,103 - ERROR - Error saving to CSV: 'Gender'
2025-02-25 13:07:30,171 - ERROR - Error saving to CSV: 'Gender'
2025-02-25 13:07:30,224 - ERROR - Error saving to CSV: 'Gender'
2025-02-25 13:07:30,269 - ERROR - Error saving to CSV: 'Gender'
2025-02-25 13:07:30,317 - ERROR - Error saving to CSV: 'Gender'
2025-02-25 13:07:30,361 - ERROR - Error saving to CSV: 'Gender'
2025-02-25 13:07:30,402 - ERROR - Error saving to CSV: 'Gender'
2025-02-25 13:07:30,441 - ERROR - Error saving to CSV: 'Gender'
2025-02-25 13:07:30,480 - ERROR - Error saving to CSV: 'Gender'
2025-02-25 13:07:30,515 - ERROR - Error saving to CSV: 'Gender'
2025-02-25 13:07:30,562 - ERROR - Error saving to CSV: 'Gender'
2025-02-25 13:07:30,598 - ERROR - Error saving to CSV: 'Gender'
2025-02-25 13:07:30,643 - ERROR - Error saving to CSV: 'Gender'
2025-02-25 13:07:30,678 - ERROR - Error saving to CSV: 'Gender'
2025-02-25 13:07:30,722 - ERROR - Error saving to CSV: 'Gender'
2025-02-25 13:07:30,761 - ERROR - Error saving to CSV: 'Gender'
2025-02-25 13:07:30,808 - ERROR - Error saving to CSV: 'Gender'
2025-02-25 13:07:30,848 - ERROR - Error saving to CSV: 'Gender'
2025-02-25 13:07:30,890 - ERROR - Error saving to CSV: 'Gender'
2025-02-25 13:07:30,930 - ERROR - Error saving to CSV: 'Gender'
2025-02-25 13:07:30,970 - ERROR - Error saving to CSV: 'Gender'
2025-02-25 13:07:31,013 - ERROR - Error saving to CSV: 'Gender'
2025-02-25 13:07:31,051 - ERROR - Error saving to CSV: 'Gender'
2025-02-25 13:07:31,096 - ERROR - Error saving to CSV: 'Gender'
2025-02-25 13:07:31,143 - ERROR - Error saving to CSV: 'Gender'
2025-02-25 13:07:31,181 - ERROR - Error saving to CSV: 'Gender'
2025-02-25 13:07:31,220 - ERROR - Error saving to CSV: 'Gender'
2025-02-25 13:07:31,271 - ERROR - Error saving to CSV: 'Gender'
2025-02-25 13:07:31,311 - ERROR - Error saving to CSV: 'Gender'
2025-02-25 13:07:31,348 - ERROR - Error saving to CSV: 'Gender'
2025-02-25 13:07:31,399 - ERROR - Error saving to CSV: 'Gender'
2025-02-25 13:07:31,439 - ERROR - Error saving to CSV: 'Gender'
2025-02-25 13:07:31,478 - ERROR - Error saving to CSV: 'Gender'
2025-02-25 13:07:31,519 - ERROR - Error saving to CSV: 'Gender'
2025-02-25 13:07:31,559 - ERROR - Error saving to CSV: 'Gender'
2025-02-25 13:07:31,600 - ERROR - Error saving to CSV: 'Gender'
2025-02-25 13:07:31,640 - ERROR - Error saving to CSV: 'Gender'
2025-02-25 13:07:31,684 - ERROR - Error saving to CSV: 'Gender'
2025-02-25 13:07:31,738 - ERROR - Error saving to CSV: 'Gender'
2025-02-25 13:07:31,806 - ERROR - Error saving to CSV: 'Gender'
2025-02-25 13:07:31,840 - ERROR - Error saving to CSV: 'Gender'
2025-02-25 13:07:31,880 - ERROR - Error saving to CSV: 'Gender'
2025-02-25 13:07:31,918 - ERROR - Error saving to CSV: 'Gender'
2025-02-25 13:07:31,958 - ERROR - Error saving to CSV: 'Gender'
2025-02-25 13:07:32,005 - ERROR - Error saving to CSV: 'Gender'
2025-02-25 13:07:32,052 - ERROR - Error saving to CSV: 'Gender'
2025-02-25 13:07:32,093 - ERROR - Error saving to CSV: 'Gender'
2025-02-25 13:07:32,139 - ERROR - Error saving to CSV: 'Gender'
2025-02-25 13:07:32,200 - ERROR - Error saving to CSV: 'Gender'
2025-02-25 13:07:32,245 - ERROR - Error saving to CSV: 'Gender'
2025-02-25 13:07:32,271 - ERROR - Error saving to CSV: 'Gender'
2025-02-25 13:07:32,311 - ERROR - Error saving to CSV: 'Gender'
2025-02-25 13:07:32,361 - ERROR - Error saving to CSV: 'Gender'
2025-02-25 13:07:32,401 - ERROR - Error saving to CSV: 'Gender'
2025-02-25 13:07:32,441 - ERROR - Error saving to CSV: 'Gender'
2025-02-25 13:07:32,475 - ERROR - Error saving to CSV: 'Gender'
2025-02-25 13:07:32,536 - ERROR - Error saving to CSV: 'Gender'
2025-02-25 13:07:32,596 - ERROR - Error saving to CSV: 'Gender'
2025-02-25 13:07:32,639 - ERROR - Error saving to CSV: 'Gender'
2025-02-25 13:07:32,680 - ERROR - Error saving to CSV: 'Gender'
2025-02-25 13:07:32,724 - ERROR - Error saving to CSV: 'Gender'
2025-02-25 13:07:32,774 - ERROR - Error saving to CSV: 'Gender'
2025-02-25 13:07:32,820 - ERROR - Error saving to CSV: 'Gender'
2025-02-25 13:07:32,875 - ERROR - Error saving to CSV: 'Gender'
2025-02-25 13:07:32,914 - ERROR - Error saving to CSV: 'Gender'
2025-02-25 13:07:32,954 - ERROR - Error saving to CSV: 'Gender'
2025-02-25 13:07:32,997 - ERROR - Error saving to CSV: 'Gender'
2025-02-25 13:07:33,031 - ERROR - Error saving to CSV: 'Gender'
2025-02-25 13:07:33,078 - ERROR - Error saving to CSV: 'Gender'
2025-02-25 13:07:33,115 - ERROR - Error saving to CSV: 'Gender'
2025-02-25 13:07:33,156 - ERROR - Error saving to CSV: 'Gender'
2025-02-25 13:07:33,196 - ERROR - Error saving to CSV: 'Gender'
2025-02-25 13:07:33,235 - ERROR - Error saving to CSV: 'Gender'
2025-02-25 13:07:33,272 - ERROR - Error saving to CSV: 'Gender'
2025-02-25 13:07:33,308 - ERROR - Error saving to CSV: 'Gender'
2025-02-25 13:07:33,354 - ERROR - Error saving to CSV: 'Gender'
2025-02-25 13:07:33,410 - ERROR - Error saving to CSV: 'Gender'
2025-02-25 13:07:33,489 - ERROR - Error saving to CSV: 'Gender'
2025-02-25 13:07:33,528 - ERROR - Error saving to CSV: 'Gender'
2025-02-25 13:07:33,576 - ERROR - Error saving to CSV: 'Gender'
2025-02-25 13:07:33,645 - ERROR - Error saving to CSV: 'Gender'
2025-02-25 13:07:33,697 - ERROR - Error saving to CSV: 'Gender'
2025-02-25 13:07:33,761 - ERROR - Error saving to CSV: 'Gender'
2025-02-25 13:07:33,801 - ERROR - Error saving to CSV: 'Gender'
2025-02-25 13:07:33,848 - ERROR - Error saving to CSV: 'Gender'
2025-02-25 13:07:33,905 - ERROR - Error saving to CSV: 'Gender'
2025-02-25 13:07:33,962 - ERROR - Error saving to CSV: 'Gender'
2025-02-25 13:07:34,010 - ERROR - Error saving to CSV: 'Gender'
2025-02-25 13:07:34,048 - ERROR - Error saving to CSV: 'Gender'
2025-02-25 13:07:34,087 - ERROR - Error saving to CSV: 'Gender'
2025-02-25 13:07:34,175 - ERROR - Error saving to CSV: 'Gender'
2025-02-25 13:07:34,215 - ERROR - Error saving to CSV: 'Gender'
2025-02-25 13:07:34,304 - ERROR - Error saving to CSV: 'Gender'
2025-02-25 13:07:34,371 - ERROR - Error saving to CSV: 'Gender'
2025-02-25 13:07:34,412 - ERROR - Error saving to CSV: 'Gender'
2025-02-25 13:07:34,455 - ERROR - Error saving to CSV: 'Gender'
2025-02-25 13:07:34,496 - ERROR - Error saving to CSV: 'Gender'
2025-02-25 13:07:34,534 - ERROR - Error saving to CSV: 'Gender'
2025-02-25 13:07:34,582 - ERROR - Error saving to CSV: 'Gender'
2025-02-25 13:07:34,623 - ERROR - Error saving to CSV: 'Gender'
2025-02-25 13:07:34,668 - ERROR - Error saving to CSV: 'Gender'
2025-02-25 13:07:34,720 - ERROR - Error saving to CSV: 'Gender'
2025-02-25 13:07:34,776 - ERROR - Error saving to CSV: 'Gender'
2025-02-25 13:07:34,815 - ERROR - Error saving to CSV: 'Gender'
2025-02-25 13:07:34,857 - ERROR - Error saving to CSV: 'Gender'
2025-02-25 13:07:34,914 - ERROR - Error saving to CSV: 'Gender'
2025-02-25 13:07:34,954 - ERROR - Error saving to CSV: 'Gender'
2025-02-25 13:07:35,018 - ERROR - Error saving to CSV: 'Gender'
2025-02-25 13:07:35,068 - ERROR - Error saving to CSV: 'Gender'
2025-02-25 13:07:35,118 - ERROR - Error saving to CSV: 'Gender'
2025-02-25 13:07:35,154 - ERROR - Error saving to CSV: 'Gender'
2025-02-25 13:07:35,208 - ERROR - Error saving to CSV: 'Gender'
2025-02-25 13:07:35,245 - ERROR - Error saving to CSV: 'Gender'
2025-02-25 13:07:35,296 - ERROR - Error saving to CSV: 'Gender'
2025-02-25 13:07:35,341 - ERROR - Error saving to CSV: 'Gender'
2025-02-25 13:07:35,393 - ERROR - Error saving to CSV: 'Gender'
2025-02-25 13:07:35,446 - ERROR - Error saving to CSV: 'Gender'
2025-02-25 13:07:35,484 - ERROR - Error saving to CSV: 'Gender'
2025-02-25 13:07:35,561 - ERROR - Error saving to CSV: 'Gender'
2025-02-25 13:07:35,603 - ERROR - Error saving to CSV: 'Gender'
2025-02-25 13:07:35,671 - ERROR - Error saving to CSV: 'Gender'
2025-02-25 13:07:35,719 - ERROR - Error saving to CSV: 'Gender'
2025-02-25 13:07:35,769 - ERROR - Error saving to CSV: 'Gender'
2025-02-25 13:07:35,809 - ERROR - Error saving to CSV: 'Gender'
2025-02-25 13:07:35,859 - ERROR - Error saving to CSV: 'Gender'
2025-02-25 13:07:35,917 - ERROR - Error saving to CSV: 'Gender'
2025-02-25 13:07:35,954 - ERROR - Error saving to CSV: 'Gender'
2025-02-25 13:07:35,990 - ERROR - Error saving to CSV: 'Gender'
2025-02-25 13:07:36,034 - ERROR - Error saving to CSV: 'Gender'
2025-02-25 13:07:36,070 - ERROR - Error saving to CSV: 'Gender'
2025-02-25 13:07:36,109 - ERROR - Error saving to CSV: 'Gender'
2025-02-25 13:07:36,159 - ERROR - Error saving to CSV: 'Gender'
2025-02-25 13:07:36,208 - ERROR - Error saving to CSV: 'Gender'
2025-02-25 13:07:36,256 - ERROR - Error saving to CSV: 'Gender'
2025-02-25 13:07:36,699 - INFO - Tracking session ended.
2025-02-25 13:13:50,220 - ERROR - Error saving to CSV: 'Gender'
2025-02-25 13:17:28,601 - WARNING - No frame captured from webcam.
2025-02-25 13:17:28,602 - INFO - Tracking session ended.
2025-02-25 13:18:08,619 - ERROR - Error saving to CSV: 'Gender'
